[2022-11-06 14:29:15,193][django.utils.autoreload.run_with_reloader():597] [INFO] Watching for file changes with StatReloader
[2022-11-06 14:29:30,441][django.server.log_message():154] [INFO] "GET / HTTP/1.1" 200 16348
[2022-11-06 14:29:31,918][django.server.log_message():154] [INFO] "GET / HTTP/1.1" 200 16348
[2022-11-06 14:59:19,168][django.utils.autoreload.trigger_reload():217] [INFO] /home/noel/Noel_Workspace/django_backend/p_education/educationapi/educationapi/settings/dev.py changed, reloading.
[2022-11-06 14:59:19,606][django.utils.autoreload.run_with_reloader():597] [INFO] Watching for file changes with StatReloader
[2022-11-06 15:00:09,314][django.utils.autoreload.trigger_reload():217] [INFO] /home/noel/Noel_Workspace/django_backend/p_education/educationapi/educationapi/settings/dev.py changed, reloading.
[2022-11-06 15:00:10,116][django.utils.autoreload.run_with_reloader():597] [INFO] Watching for file changes with StatReloader
[2022-11-06 15:01:06,024][django.utils.autoreload.trigger_reload():217] [INFO] /home/noel/Noel_Workspace/django_backend/p_education/educationapi/educationapi/settings/dev.py changed, reloading.
[2022-11-06 15:04:31,056][django.utils.autoreload.run_with_reloader():597] [INFO] Watching for file changes with StatReloader
[2022-11-06 15:04:44,728][django.server.log_message():154] [INFO] "GET / HTTP/1.1" 200 16348
[2022-11-06 15:04:44,770][django.server.log_message():154] [INFO] "GET /static/admin/css/fonts.css HTTP/1.1" 304 0
[2022-11-06 15:04:45,001][django.server.log_message():154] [INFO] "GET /static/admin/fonts/Roboto-Light-webfont.woff HTTP/1.1" 304 0
[2022-11-06 15:04:45,001][django.server.log_message():154] [INFO] "GET /static/admin/fonts/Roboto-Bold-webfont.woff HTTP/1.1" 304 0
[2022-11-06 15:04:45,001][django.server.log_message():154] [INFO] "GET /static/admin/fonts/Roboto-Regular-webfont.woff HTTP/1.1" 304 0
[2022-11-06 15:17:47,525][django.utils.autoreload.trigger_reload():217] [INFO] /home/noel/Noel_Workspace/django_backend/p_education/educationapi/educationapi/settings/dev.py changed, reloading.
[2022-11-06 15:17:48,091][django.utils.autoreload.run_with_reloader():597] [INFO] Watching for file changes with StatReloader
[2022-11-06 15:22:46,258][django.utils.autoreload.run_with_reloader():597] [INFO] Watching for file changes with StatReloader
[2022-11-06 15:23:01,526][django.utils.autoreload.trigger_reload():217] [INFO] /home/noel/anaconda3/envs/p_education/lib/python3.8/site-packages/django/db/backends/mysql/base.py changed, reloading.
[2022-11-06 15:23:01,972][django.utils.autoreload.run_with_reloader():597] [INFO] Watching for file changes with StatReloader
[2022-11-06 15:23:43,430][django.utils.autoreload.trigger_reload():217] [INFO] /home/noel/anaconda3/envs/p_education/lib/python3.8/site-packages/django/db/backends/mysql/base.py changed, reloading.
[2022-11-06 15:23:43,945][django.utils.autoreload.run_with_reloader():597] [INFO] Watching for file changes with StatReloader
[2022-11-06 15:24:22,452][django.utils.autoreload.trigger_reload():217] [INFO] /home/noel/anaconda3/envs/p_education/lib/python3.8/site-packages/django/db/backends/mysql/operations.py changed, reloading.
[2022-11-06 15:24:22,982][django.utils.autoreload.run_with_reloader():597] [INFO] Watching for file changes with StatReloader
[2022-11-06 15:24:31,020][django.server.log_message():154] [INFO] "GET / HTTP/1.1" 200 16348
[2022-11-06 15:24:31,084][django.server.log_message():154] [INFO] "GET /static/admin/css/fonts.css HTTP/1.1" 304 0
[2022-11-06 15:24:31,339][django.server.log_message():154] [INFO] "GET /static/admin/fonts/Roboto-Regular-webfont.woff HTTP/1.1" 304 0
[2022-11-06 15:24:31,342][django.server.log_message():154] [INFO] "GET /static/admin/fonts/Roboto-Bold-webfont.woff HTTP/1.1" 304 0
[2022-11-06 15:24:31,343][django.server.log_message():154] [INFO] "GET /static/admin/fonts/Roboto-Light-webfont.woff HTTP/1.1" 304 0
[2022-11-06 17:42:44,242][django.utils.autoreload.run_with_reloader():597] [INFO] Watching for file changes with StatReloader
[2022-11-06 17:42:47,339][django.server.log_message():154] [INFO] "GET / HTTP/1.1" 200 16348
[2022-11-06 17:42:47,378][django.server.log_message():154] [INFO] "GET /static/admin/css/fonts.css HTTP/1.1" 304 0
[2022-11-06 17:42:47,627][django.server.log_message():154] [INFO] "GET /static/admin/fonts/Roboto-Bold-webfont.woff HTTP/1.1" 304 0
[2022-11-06 17:42:47,642][django.server.log_message():154] [INFO] "GET /static/admin/fonts/Roboto-Light-webfont.woff HTTP/1.1" 304 0
[2022-11-06 17:42:47,647][django.server.log_message():154] [INFO] "GET /static/admin/fonts/Roboto-Regular-webfont.woff HTTP/1.1" 304 0
[2022-11-06 17:45:39,038][django.security.DisallowedHost.response_for_exception():75] [ERROR] Invalid HTTP_HOST header: 'api.educationcity.cn:8000'. You may need to add 'api.educationcity.cn' to ALLOWED_HOSTS.
[2022-11-06 17:45:39,065][django.request.log_response():222] [WARNING] Bad Request: /
[2022-11-06 17:45:39,065][django.server.log_message():154] [WARNING] "GET / HTTP/1.1" 400 71789
[2022-11-06 17:45:39,371][django.security.DisallowedHost.response_for_exception():75] [ERROR] Invalid HTTP_HOST header: 'api.educationcity.cn:8000'. You may need to add 'api.educationcity.cn' to ALLOWED_HOSTS.
[2022-11-06 17:45:39,401][django.request.log_response():222] [WARNING] Bad Request: /favicon.ico
[2022-11-06 17:45:39,402][django.server.log_message():154] [WARNING] "GET /favicon.ico HTTP/1.1" 400 71853
[2022-11-06 17:46:23,383][django.utils.autoreload.trigger_reload():217] [INFO] /home/noel/Noel_Workspace/django_backend/p_education/educationapi/educationapi/settings/dev.py changed, reloading.
[2022-11-06 17:46:23,972][django.utils.autoreload.run_with_reloader():597] [INFO] Watching for file changes with StatReloader
[2022-11-06 17:46:26,643][django.server.log_message():154] [INFO] "GET / HTTP/1.1" 200 16348
[2022-11-06 17:46:26,685][django.server.log_message():154] [INFO] "GET /static/admin/css/fonts.css HTTP/1.1" 200 423
[2022-11-06 17:46:26,806][django.server.log_message():154] [INFO] "GET /static/admin/fonts/Roboto-Bold-webfont.woff HTTP/1.1" 200 86184
[2022-11-06 17:46:26,807][django.server.log_message():154] [INFO] "GET /static/admin/fonts/Roboto-Regular-webfont.woff HTTP/1.1" 200 85876
[2022-11-06 17:46:26,808][django.server.log_message():154] [INFO] "GET /static/admin/fonts/Roboto-Light-webfont.woff HTTP/1.1" 200 85692
[2022-11-06 17:46:26,845][django.request.log_response():222] [WARNING] Not Found: /favicon.ico
[2022-11-06 17:46:26,847][django.server.log_message():154] [WARNING] "GET /favicon.ico HTTP/1.1" 404 1989
[2022-11-06 17:47:25,078][django.server.log_message():154] [INFO] "GET / HTTP/1.1" 200 16348
[2022-11-06 18:33:36,657][django.utils.autoreload.run_with_reloader():597] [INFO] Watching for file changes with StatReloader
[2022-11-06 18:36:45,667][django.utils.autoreload.trigger_reload():217] [INFO] /home/noel/Noel_Workspace/django_backend/p_education/educationapi/educationapi/settings/dev.py changed, reloading.
[2022-11-06 18:36:46,095][django.utils.autoreload.run_with_reloader():597] [INFO] Watching for file changes with StatReloader
[2022-11-06 18:36:52,900][django.utils.autoreload.run_with_reloader():597] [INFO] Watching for file changes with StatReloader
[2022-11-06 18:37:24,002][django.utils.autoreload.trigger_reload():217] [INFO] /home/noel/Noel_Workspace/django_backend/p_education/educationapi/educationapi/settings/dev.py changed, reloading.
[2022-11-06 18:37:24,469][django.utils.autoreload.run_with_reloader():597] [INFO] Watching for file changes with StatReloader
[2022-11-06 18:44:15,893][django.utils.autoreload.run_with_reloader():597] [INFO] Watching for file changes with StatReloader
[2022-11-06 18:44:26,055][django.utils.autoreload.run_with_reloader():597] [INFO] Watching for file changes with StatReloader
[2022-11-06 18:44:33,455][django.utils.autoreload.trigger_reload():217] [INFO] /home/noel/Noel_Workspace/django_backend/p_education/educationapi/educationapi/settings/dev.py changed, reloading.
[2022-11-06 18:44:33,880][django.utils.autoreload.run_with_reloader():597] [INFO] Watching for file changes with StatReloader
[2022-11-06 18:46:19,449][django.utils.autoreload.trigger_reload():217] [INFO] /home/noel/Noel_Workspace/django_backend/p_education/educationapi/educationapi/settings/dev.py changed, reloading.
[2022-11-06 18:46:20,103][django.utils.autoreload.run_with_reloader():597] [INFO] Watching for file changes with StatReloader
[2022-11-06 18:46:28,505][django.utils.autoreload.trigger_reload():217] [INFO] /home/noel/Noel_Workspace/django_backend/p_education/educationapi/educationapi/settings/dev.py changed, reloading.
[2022-11-06 18:46:29,149][django.utils.autoreload.run_with_reloader():597] [INFO] Watching for file changes with StatReloader
[2022-11-06 18:46:52,037][django.utils.autoreload.trigger_reload():217] [INFO] /home/noel/Noel_Workspace/django_backend/p_education/educationapi/educationapi/settings/dev.py changed, reloading.
[2022-11-06 18:47:03,937][django.utils.autoreload.run_with_reloader():597] [INFO] Watching for file changes with StatReloader
[2022-11-06 18:47:22,698][django.utils.autoreload.trigger_reload():217] [INFO] /home/noel/Noel_Workspace/django_backend/p_education/educationapi/educationapi/settings/dev.py changed, reloading.
[2022-11-06 18:47:23,157][django.utils.autoreload.run_with_reloader():597] [INFO] Watching for file changes with StatReloader
[2022-11-06 18:47:33,637][django.utils.autoreload.trigger_reload():217] [INFO] /home/noel/Noel_Workspace/django_backend/p_education/educationapi/educationapi/settings/dev.py changed, reloading.
[2022-11-06 18:47:34,194][django.utils.autoreload.run_with_reloader():597] [INFO] Watching for file changes with StatReloader
[2022-11-06 18:47:37,410][django.utils.autoreload.trigger_reload():217] [INFO] /home/noel/Noel_Workspace/django_backend/p_education/educationapi/educationapi/settings/dev.py changed, reloading.
[2022-11-06 18:47:37,855][django.utils.autoreload.run_with_reloader():597] [INFO] Watching for file changes with StatReloader
[2022-11-06 18:48:33,774][django.utils.autoreload.trigger_reload():217] [INFO] /home/noel/Noel_Workspace/django_backend/p_education/educationapi/educationapi/settings/dev.py changed, reloading.
[2022-11-06 18:48:34,270][django.utils.autoreload.run_with_reloader():597] [INFO] Watching for file changes with StatReloader
[2022-11-06 18:48:37,516][django.utils.autoreload.trigger_reload():217] [INFO] /home/noel/Noel_Workspace/django_backend/p_education/educationapi/educationapi/settings/dev.py changed, reloading.
[2022-11-06 18:48:37,950][django.utils.autoreload.run_with_reloader():597] [INFO] Watching for file changes with StatReloader
[2022-11-06 18:48:53,328][django.server.log_message():154] [INFO] "GET / HTTP/1.1" 200 16348
[2022-11-06 18:48:53,421][django.server.log_message():154] [INFO] "GET /static/admin/css/fonts.css HTTP/1.1" 304 0
[2022-11-06 18:48:53,454][django.server.log_message():154] [INFO] "GET /static/admin/fonts/Roboto-Bold-webfont.woff HTTP/1.1" 304 0
[2022-11-06 18:48:53,457][django.server.log_message():154] [INFO] "GET /static/admin/fonts/Roboto-Regular-webfont.woff HTTP/1.1" 304 0
[2022-11-06 18:48:53,458][django.server.log_message():154] [INFO] "GET /static/admin/fonts/Roboto-Light-webfont.woff HTTP/1.1" 304 0
[2022-11-06 18:49:01,975][django.utils.autoreload.trigger_reload():217] [INFO] /home/noel/Noel_Workspace/django_backend/p_education/educationapi/educationapi/settings/dev.py changed, reloading.
[2022-11-06 18:49:02,500][django.utils.autoreload.run_with_reloader():597] [INFO] Watching for file changes with StatReloader
[2022-11-06 18:49:24,381][django.utils.autoreload.trigger_reload():217] [INFO] /home/noel/Noel_Workspace/django_backend/p_education/educationapi/educationapi/settings/dev.py changed, reloading.
[2022-11-06 18:49:24,955][django.utils.autoreload.run_with_reloader():597] [INFO] Watching for file changes with StatReloader
[2022-11-06 18:49:39,625][django.utils.autoreload.trigger_reload():217] [INFO] /home/noel/Noel_Workspace/django_backend/p_education/educationapi/educationapi/settings/dev.py changed, reloading.
[2022-11-06 18:49:40,120][django.utils.autoreload.run_with_reloader():597] [INFO] Watching for file changes with StatReloader
[2022-11-06 18:50:08,148][django.utils.autoreload.trigger_reload():217] [INFO] /home/noel/Noel_Workspace/django_backend/p_education/educationapi/educationapi/settings/dev.py changed, reloading.
[2022-11-06 18:50:08,600][django.utils.autoreload.run_with_reloader():597] [INFO] Watching for file changes with StatReloader
[2022-11-06 18:50:15,952][django.utils.autoreload.trigger_reload():217] [INFO] /home/noel/Noel_Workspace/django_backend/p_education/educationapi/educationapi/settings/dev.py changed, reloading.
[2022-11-06 18:50:16,390][django.utils.autoreload.run_with_reloader():597] [INFO] Watching for file changes with StatReloader
[2022-11-06 18:50:43,874][django.server.log_message():154] [INFO] "GET / HTTP/1.1" 200 16348
[2022-11-06 18:52:48,613][django.utils.autoreload.run_with_reloader():597] [INFO] Watching for file changes with StatReloader
[2022-11-06 18:52:58,851][django.server.log_message():154] [INFO] "GET / HTTP/1.1" 200 16348
[2022-11-06 18:52:59,620][django.server.log_message():154] [INFO] "GET / HTTP/1.1" 200 16348
[2022-11-06 18:53:00,587][django.server.log_message():154] [INFO] "GET / HTTP/1.1" 200 16348
[2022-11-07 02:27:34,976][django.utils.autoreload.run_with_reloader():597] [INFO] Watching for file changes with StatReloader
[2022-11-07 02:28:26,518][django.utils.autoreload.run_with_reloader():597] [INFO] Watching for file changes with StatReloader
[2022-11-07 02:31:54,050][django.utils.autoreload.run_with_reloader():597] [INFO] Watching for file changes with StatReloader
[2022-11-07 02:32:01,893][django.security.DisallowedHost.response_for_exception():75] [ERROR] Invalid HTTP_HOST header: '127.0.0.1:8000'. You may need to add '127.0.0.1' to ALLOWED_HOSTS.
[2022-11-07 02:32:02,258][django.request.log_response():222] [WARNING] Bad Request: /
[2022-11-07 02:32:02,259][django.server.log_message():154] [WARNING] "GET / HTTP/1.1" 400 73185
[2022-11-07 02:32:02,620][django.security.DisallowedHost.response_for_exception():75] [ERROR] Invalid HTTP_HOST header: '127.0.0.1:8000'. You may need to add '127.0.0.1' to ALLOWED_HOSTS.
[2022-11-07 02:32:02,657][django.request.log_response():222] [WARNING] Bad Request: /favicon.ico
[2022-11-07 02:32:02,658][django.server.log_message():154] [WARNING] "GET /favicon.ico HTTP/1.1" 400 73112
[2022-11-07 02:32:48,358][django.server.log_message():154] [INFO] "GET / HTTP/1.1" 200 16348
[2022-11-07 02:32:48,665][django.server.log_message():154] [INFO] "GET /static/admin/css/fonts.css HTTP/1.1" 304 0
[2022-11-07 02:32:48,908][django.server.log_message():154] [INFO] "GET /static/admin/fonts/Roboto-Bold-webfont.woff HTTP/1.1" 304 0
[2022-11-07 02:32:48,909][django.server.log_message():154] [INFO] "GET /static/admin/fonts/Roboto-Regular-webfont.woff HTTP/1.1" 304 0
[2022-11-07 02:32:48,910][django.server.log_message():154] [INFO] "GET /static/admin/fonts/Roboto-Light-webfont.woff HTTP/1.1" 304 0
[2022-11-07 02:32:49,024][django.request.log_response():222] [WARNING] Not Found: /favicon.ico
[2022-11-07 02:32:49,024][django.server.log_message():154] [WARNING] "GET /favicon.ico HTTP/1.1" 404 1989
[2022-11-07 02:35:56,910][django.utils.autoreload.trigger_reload():217] [INFO] /home/noel/Noel_Workspace/django_backend/p_education/educationapi/educationapi/settings/dev.py changed, reloading.
[2022-11-07 02:35:57,465][django.utils.autoreload.run_with_reloader():597] [INFO] Watching for file changes with StatReloader
[2022-11-07 02:37:02,844][django.utils.autoreload.trigger_reload():217] [INFO] /home/noel/Noel_Workspace/django_backend/p_education/educationapi/educationapi/settings/dev.py changed, reloading.
[2022-11-07 02:37:03,429][django.utils.autoreload.run_with_reloader():597] [INFO] Watching for file changes with StatReloader
[2022-11-07 02:38:26,411][django.utils.autoreload.trigger_reload():217] [INFO] /home/noel/Noel_Workspace/django_backend/p_education/educationapi/educationapi/settings/dev.py changed, reloading.
[2022-11-07 02:38:26,956][django.utils.autoreload.run_with_reloader():597] [INFO] Watching for file changes with StatReloader
[2022-11-07 02:39:28,147][django.utils.autoreload.trigger_reload():217] [INFO] /home/noel/Noel_Workspace/django_backend/p_education/educationapi/educationapi/settings/dev.py changed, reloading.
[2022-11-07 02:39:28,633][django.utils.autoreload.run_with_reloader():597] [INFO] Watching for file changes with StatReloader
[2022-11-07 02:41:01,571][django.request.log_response():222] [WARNING] Not Found: /xadmin
[2022-11-07 02:41:01,572][django.server.log_message():154] [WARNING] "GET /xadmin HTTP/1.1" 404 1974
[2022-11-07 02:42:33,916][django.utils.autoreload.trigger_reload():217] [INFO] /home/noel/Noel_Workspace/django_backend/p_education/educationapi/educationapi/urls.py changed, reloading.
[2022-11-07 02:42:34,505][django.utils.autoreload.run_with_reloader():597] [INFO] Watching for file changes with StatReloader
[2022-11-07 02:44:36,580][django.utils.autoreload.trigger_reload():217] [INFO] /home/noel/Noel_Workspace/django_backend/p_education/educationapi/educationapi/urls.py changed, reloading.
[2022-11-07 02:44:37,845][django.utils.autoreload.run_with_reloader():597] [INFO] Watching for file changes with StatReloader
[2022-11-07 02:45:15,327][django.utils.autoreload.trigger_reload():217] [INFO] /home/noel/Noel_Workspace/django_backend/p_education/educationapi/educationapi/urls.py changed, reloading.
[2022-11-07 02:45:15,772][django.utils.autoreload.run_with_reloader():597] [INFO] Watching for file changes with StatReloader
[2022-11-07 02:54:56,791][django.utils.autoreload.run_with_reloader():597] [INFO] Watching for file changes with StatReloader
[2022-11-07 02:55:25,889][django.utils.autoreload.trigger_reload():217] [INFO] /home/noel/Noel_Workspace/django_backend/p_education/educationapi/educationapi/settings/dev.py changed, reloading.
[2022-11-07 02:55:34,257][django.utils.autoreload.run_with_reloader():597] [INFO] Watching for file changes with StatReloader
[2022-11-07 02:56:08,685][django.utils.autoreload.trigger_reload():217] [INFO] /home/noel/Noel_Workspace/django_backend/p_education/educationapi/educationapi/settings/dev.py changed, reloading.
[2022-11-07 02:56:09,216][django.utils.autoreload.run_with_reloader():597] [INFO] Watching for file changes with StatReloader
[2022-11-07 03:01:31,887][django.server.log_message():154] [INFO] "GET /xadmin HTTP/1.1" 301 0
[2022-11-07 03:01:31,898][django.request.log_response():222] [WARNING] Not Found: /xadmin/
[2022-11-07 03:01:31,899][django.server.log_message():154] [WARNING] "GET /xadmin/ HTTP/1.1" 404 1820
[2022-11-07 03:04:04,310][django.utils.autoreload.trigger_reload():217] [INFO] /home/noel/Noel_Workspace/django_backend/p_education/educationapi/educationapi/apps/home/models.py changed, reloading.
[2022-11-07 03:04:04,789][django.utils.autoreload.run_with_reloader():597] [INFO] Watching for file changes with StatReloader
[2022-11-07 03:07:26,556][django.utils.autoreload.trigger_reload():217] [INFO] /home/noel/Noel_Workspace/django_backend/p_education/educationapi/educationapi/apps/home/models.py changed, reloading.
[2022-11-07 03:07:27,372][django.utils.autoreload.run_with_reloader():597] [INFO] Watching for file changes with StatReloader
[2022-11-07 03:08:25,016][django.utils.autoreload.trigger_reload():217] [INFO] /home/noel/Noel_Workspace/django_backend/p_education/educationapi/educationapi/apps/home/models.py changed, reloading.
[2022-11-07 03:08:25,476][django.utils.autoreload.run_with_reloader():597] [INFO] Watching for file changes with StatReloader
[2022-11-07 03:13:38,272][django.utils.autoreload.trigger_reload():217] [INFO] /home/noel/Noel_Workspace/django_backend/p_education/educationapi/educationapi/apps/home/models.py changed, reloading.
[2022-11-07 03:13:38,715][django.utils.autoreload.run_with_reloader():597] [INFO] Watching for file changes with StatReloader
[2022-11-07 03:14:51,466][django.utils.autoreload.trigger_reload():217] [INFO] /home/noel/Noel_Workspace/django_backend/p_education/educationapi/educationapi/apps/home/models.py changed, reloading.
[2022-11-07 03:14:51,891][django.utils.autoreload.run_with_reloader():597] [INFO] Watching for file changes with StatReloader
[2022-11-07 03:15:41,477][django.utils.autoreload.trigger_reload():217] [INFO] /home/noel/Noel_Workspace/django_backend/p_education/educationapi/educationapi/apps/home/models.py changed, reloading.
[2022-11-07 03:35:21,427][django.utils.autoreload.run_with_reloader():597] [INFO] Watching for file changes with StatReloader
[2022-11-07 03:35:27,847][django.request.log_response():222] [WARNING] Not Found: /xadmin/
[2022-11-07 03:35:27,848][django.server.log_message():154] [WARNING] "GET /xadmin/ HTTP/1.1" 404 1820
[2022-11-07 03:35:45,868][django.server.log_message():154] [INFO] "GET /banner HTTP/1.1" 301 0
[2022-11-07 03:35:45,952][django.request.log_response():222] [ERROR] Internal Server Error: /banner/
Traceback (most recent call last):
  File "/home/noel/anaconda3/envs/p_education/lib/python3.8/site-packages/django/core/handlers/exception.py", line 34, in inner
    response = get_response(request)
  File "/home/noel/anaconda3/envs/p_education/lib/python3.8/site-packages/django/core/handlers/base.py", line 115, in _get_response
    response = self.process_exception_by_middleware(e, request)
  File "/home/noel/anaconda3/envs/p_education/lib/python3.8/site-packages/django/core/handlers/base.py", line 113, in _get_response
    response = wrapped_callback(request, *callback_args, **callback_kwargs)
  File "/home/noel/anaconda3/envs/p_education/lib/python3.8/site-packages/django/views/decorators/csrf.py", line 54, in wrapped_view
    return view_func(*args, **kwargs)
  File "/home/noel/anaconda3/envs/p_education/lib/python3.8/site-packages/django/views/generic/base.py", line 71, in view
    return self.dispatch(request, *args, **kwargs)
  File "/home/noel/anaconda3/envs/p_education/lib/python3.8/site-packages/rest_framework/views.py", line 505, in dispatch
    response = self.handle_exception(exc)
  File "/home/noel/anaconda3/envs/p_education/lib/python3.8/site-packages/rest_framework/views.py", line 465, in handle_exception
    self.raise_uncaught_exception(exc)
  File "/home/noel/anaconda3/envs/p_education/lib/python3.8/site-packages/rest_framework/views.py", line 476, in raise_uncaught_exception
    raise exc
  File "/home/noel/anaconda3/envs/p_education/lib/python3.8/site-packages/rest_framework/views.py", line 502, in dispatch
    response = handler(request, *args, **kwargs)
  File "/home/noel/anaconda3/envs/p_education/lib/python3.8/site-packages/rest_framework/generics.py", line 199, in get
    return self.list(request, *args, **kwargs)
  File "/home/noel/anaconda3/envs/p_education/lib/python3.8/site-packages/rest_framework/mixins.py", line 38, in list
    queryset = self.filter_queryset(self.get_queryset())
  File "/home/noel/anaconda3/envs/p_education/lib/python3.8/site-packages/rest_framework/generics.py", line 63, in get_queryset
    assert self.queryset is not None, (
AssertionError: 'ListAPIView' should either include a `queryset` attribute, or override the `get_queryset()` method.
[2022-11-07 03:35:45,955][django.server.log_message():154] [ERROR] "GET /banner/ HTTP/1.1" 500 110332
[2022-11-07 03:37:00,649][django.utils.autoreload.trigger_reload():217] [INFO] /home/noel/Noel_Workspace/django_backend/p_education/educationapi/educationapi/apps/home/urls.py changed, reloading.
[2022-11-07 03:37:01,146][django.utils.autoreload.run_with_reloader():597] [INFO] Watching for file changes with StatReloader
[2022-11-07 03:37:07,894][django.server.log_message():154] [INFO] "GET /banner/ HTTP/1.1" 200 5192
[2022-11-07 03:37:07,960][django.server.log_message():154] [INFO] "GET /static/rest_framework/css/bootstrap-tweaks.css HTTP/1.1" 200 3385
[2022-11-07 03:37:07,968][django.server.log_message():154] [INFO] "GET /static/rest_framework/js/ajax-form.js HTTP/1.1" 200 3597
[2022-11-07 03:37:07,986][django.server.log_message():154] [INFO] "GET /static/rest_framework/css/prettify.css HTTP/1.1" 200 817
[2022-11-07 03:37:07,999][django.server.log_message():154] [INFO] "GET /static/rest_framework/css/default.css HTTP/1.1" 200 1131
[2022-11-07 03:37:08,024][django.server.log_message():154] [INFO] "GET /static/rest_framework/css/bootstrap.min.css HTTP/1.1" 200 121457
[2022-11-07 03:37:08,032][django.server.log_message():154] [INFO] "GET /static/rest_framework/js/default.js HTTP/1.1" 200 1268
[2022-11-07 03:37:08,050][django.server.log_message():154] [INFO] "GET /static/rest_framework/js/prettify-min.js HTTP/1.1" 200 13632
[2022-11-07 03:37:08,080][django.server.log_message():154] [INFO] "GET /static/rest_framework/js/csrf.js HTTP/1.1" 200 1719
[2022-11-07 03:37:08,099][django.server.log_message():154] [INFO] "GET /static/rest_framework/js/jquery-3.4.1.min.js HTTP/1.1" 200 88145
[2022-11-07 03:37:08,126][django.server.log_message():154] [INFO] "GET /static/rest_framework/img/grid.png HTTP/1.1" 200 1458
[2022-11-07 03:37:08,152][django.server.log_message():154] [INFO] "GET /static/rest_framework/js/bootstrap.min.js HTTP/1.1" 200 37608
[2022-11-07 03:38:01,813][django.utils.autoreload.trigger_reload():217] [INFO] /home/noel/Noel_Workspace/django_backend/p_education/educationapi/educationapi/urls.py changed, reloading.
[2022-11-07 03:38:02,303][django.utils.autoreload.run_with_reloader():597] [INFO] Watching for file changes with StatReloader
[2022-11-07 03:38:05,552][django.server.log_message():154] [INFO] "GET /banner/ HTTP/1.1" 200 5192
[2022-11-07 03:45:28,497][django.utils.autoreload.trigger_reload():217] [INFO] /home/noel/Noel_Workspace/django_backend/p_education/educationapi/educationapi/apps/home/views.py changed, reloading.
[2022-11-07 03:45:29,015][django.utils.autoreload.run_with_reloader():597] [INFO] Watching for file changes with StatReloader
[2022-11-07 03:46:26,347][django.utils.autoreload.trigger_reload():217] [INFO] /home/noel/Noel_Workspace/django_backend/p_education/educationapi/educationapi/apps/home/views.py changed, reloading.
[2022-11-07 03:46:27,284][django.utils.autoreload.run_with_reloader():597] [INFO] Watching for file changes with StatReloader
[2022-11-07 03:48:13,369][django.utils.autoreload.trigger_reload():217] [INFO] /home/noel/Noel_Workspace/django_backend/p_education/educationapi/educationapi/apps/home/views.py changed, reloading.
[2022-11-07 03:48:13,849][django.utils.autoreload.run_with_reloader():597] [INFO] Watching for file changes with StatReloader
[2022-11-07 03:49:13,199][django.utils.autoreload.trigger_reload():217] [INFO] /home/noel/Noel_Workspace/django_backend/p_education/educationapi/educationapi/apps/home/views.py changed, reloading.
[2022-11-07 03:49:13,687][django.utils.autoreload.run_with_reloader():597] [INFO] Watching for file changes with StatReloader
[2022-11-07 04:11:51,482][django.utils.autoreload.run_with_reloader():597] [INFO] Watching for file changes with StatReloader
[2022-11-07 04:13:07,024][django.utils.autoreload.run_with_reloader():597] [INFO] Watching for file changes with StatReloader
[2022-11-07 04:13:43,870][django.utils.autoreload.run_with_reloader():597] [INFO] Watching for file changes with StatReloader
[2022-11-07 04:14:09,116][django.utils.autoreload.run_with_reloader():597] [INFO] Watching for file changes with StatReloader
[2022-11-07 04:14:41,981][django.utils.autoreload.run_with_reloader():597] [INFO] Watching for file changes with StatReloader
[2022-11-07 04:15:01,330][django.utils.autoreload.run_with_reloader():597] [INFO] Watching for file changes with StatReloader
[2022-11-07 04:15:25,281][django.utils.autoreload.run_with_reloader():597] [INFO] Watching for file changes with StatReloader
[2022-11-07 04:16:05,086][django.utils.autoreload.run_with_reloader():677] [INFO] Watching for file changes with StatReloader
[2022-11-07 04:17:48,079][django.utils.autoreload.run_with_reloader():677] [INFO] Watching for file changes with StatReloader
[2022-11-07 04:20:18,455][django.utils.autoreload.run_with_reloader():677] [INFO] Watching for file changes with StatReloader
[2022-11-07 04:21:42,680][django.utils.autoreload.run_with_reloader():677] [INFO] Watching for file changes with StatReloader
[2022-11-07 04:23:16,919][django.utils.autoreload.run_with_reloader():677] [INFO] Watching for file changes with StatReloader
[2022-11-07 04:23:42,210][django.utils.autoreload.run_with_reloader():677] [INFO] Watching for file changes with StatReloader
[2022-11-07 04:24:28,771][django.utils.autoreload.run_with_reloader():677] [INFO] Watching for file changes with StatReloader
[2022-11-07 04:25:32,139][django.utils.autoreload.run_with_reloader():677] [INFO] Watching for file changes with StatReloader
[2022-11-07 04:25:44,608][django.utils.autoreload.run_with_reloader():677] [INFO] Watching for file changes with StatReloader
[2022-11-07 04:30:39,689][django.utils.autoreload.run_with_reloader():677] [INFO] Watching for file changes with StatReloader
[2022-11-07 04:31:37,558][django.utils.autoreload.run_with_reloader():677] [INFO] Watching for file changes with StatReloader
[2022-11-07 04:33:32,910][django.utils.autoreload.run_with_reloader():677] [INFO] Watching for file changes with StatReloader
[2022-11-07 04:34:32,843][django.utils.autoreload.run_with_reloader():677] [INFO] Watching for file changes with StatReloader
[2022-11-07 04:35:54,963][django.utils.autoreload.run_with_reloader():677] [INFO] Watching for file changes with StatReloader
[2022-11-07 04:39:36,850][django.utils.autoreload.run_with_reloader():677] [INFO] Watching for file changes with StatReloader
[2022-11-07 04:40:08,423][django.utils.autoreload.run_with_reloader():677] [INFO] Watching for file changes with StatReloader
[2022-11-07 04:40:22,980][django.utils.autoreload.run_with_reloader():677] [INFO] Watching for file changes with StatReloader
[2022-11-07 04:46:35,191][django.utils.autoreload.run_with_reloader():677] [INFO] Watching for file changes with StatReloader
[2022-11-07 04:46:58,149][django.utils.autoreload.run_with_reloader():677] [INFO] Watching for file changes with StatReloader
[2022-11-07 04:48:05,116][django.utils.autoreload.run_with_reloader():597] [INFO] Watching for file changes with StatReloader
[2022-11-07 04:48:22,374][django.utils.autoreload.trigger_reload():217] [INFO] /home/noel/anaconda3/envs/p_education/lib/python3.8/site-packages/django/db/backends/mysql/base.py changed, reloading.
[2022-11-07 04:48:23,333][django.utils.autoreload.run_with_reloader():597] [INFO] Watching for file changes with StatReloader
[2022-11-07 04:48:48,543][django.utils.autoreload.trigger_reload():217] [INFO] /home/noel/anaconda3/envs/p_education/lib/python3.8/site-packages/django/db/backends/mysql/operations.py changed, reloading.
[2022-11-07 04:48:49,137][django.utils.autoreload.run_with_reloader():597] [INFO] Watching for file changes with StatReloader
[2022-11-07 04:48:54,743][django.security.DisallowedHost.response_for_exception():75] [ERROR] Invalid HTTP_HOST header: '127.0.0.1:8000'. You may need to add '127.0.0.1' to ALLOWED_HOSTS.
[2022-11-07 04:48:54,824][django.request.log_response():222] [WARNING] Bad Request: /
[2022-11-07 04:48:54,826][django.server.log_message():154] [WARNING] "GET / HTTP/1.1" 400 73751
[2022-11-07 04:48:55,261][django.security.DisallowedHost.response_for_exception():75] [ERROR] Invalid HTTP_HOST header: '127.0.0.1:8000'. You may need to add '127.0.0.1' to ALLOWED_HOSTS.
[2022-11-07 04:48:55,312][django.request.log_response():222] [WARNING] Bad Request: /favicon.ico
[2022-11-07 04:48:55,314][django.server.log_message():154] [WARNING] "GET /favicon.ico HTTP/1.1" 400 73678
[2022-11-07 04:49:16,738][django.request.log_response():222] [WARNING] Not Found: /
[2022-11-07 04:49:16,739][django.server.log_message():154] [WARNING] "GET / HTTP/1.1" 404 2216
[2022-11-07 04:49:43,340][django.server.log_message():154] [INFO] "GET /banner/ HTTP/1.1" 200 5192
[2022-11-07 05:02:29,763][django.utils.autoreload.run_with_reloader():597] [INFO] Watching for file changes with StatReloader
[2022-11-07 05:07:11,027][django.utils.autoreload.trigger_reload():217] [INFO] /home/noel/anaconda3/envs/p_education/lib/python3.8/site-packages/xadmin/plugins/importexport.py changed, reloading.
[2022-11-07 05:07:12,128][django.utils.autoreload.run_with_reloader():597] [INFO] Watching for file changes with StatReloader
[2022-11-07 05:07:56,849][django.utils.autoreload.trigger_reload():217] [INFO] /home/noel/anaconda3/envs/p_education/lib/python3.8/site-packages/xadmin/plugins/importexport.py changed, reloading.
[2022-11-07 05:07:57,952][django.utils.autoreload.run_with_reloader():597] [INFO] Watching for file changes with StatReloader
[2022-11-07 05:08:55,834][django.utils.autoreload.trigger_reload():217] [INFO] /home/noel/anaconda3/envs/p_education/lib/python3.8/site-packages/xadmin/plugins/importexport.py changed, reloading.
[2022-11-07 05:08:56,685][django.utils.autoreload.run_with_reloader():597] [INFO] Watching for file changes with StatReloader
[2022-11-07 05:09:35,944][django.utils.autoreload.trigger_reload():217] [INFO] /home/noel/anaconda3/envs/p_education/lib/python3.8/site-packages/django/db/backends/mysql/operations.py changed, reloading.
[2022-11-07 05:09:37,310][django.utils.autoreload.run_with_reloader():597] [INFO] Watching for file changes with StatReloader
[2022-11-07 05:09:41,858][django.security.DisallowedHost.response_for_exception():75] [ERROR] Invalid HTTP_HOST header: '127.0.0.1:8000'. You may need to add '127.0.0.1' to ALLOWED_HOSTS.
[2022-11-07 05:09:41,931][django.request.log_response():222] [WARNING] Bad Request: /
[2022-11-07 05:09:41,932][django.server.log_message():154] [WARNING] "GET / HTTP/1.1" 400 74920
[2022-11-07 05:09:42,448][django.security.DisallowedHost.response_for_exception():75] [ERROR] Invalid HTTP_HOST header: '127.0.0.1:8000'. You may need to add '127.0.0.1' to ALLOWED_HOSTS.
[2022-11-07 05:09:42,496][django.request.log_response():222] [WARNING] Bad Request: /favicon.ico
[2022-11-07 05:09:42,498][django.server.log_message():154] [WARNING] "GET /favicon.ico HTTP/1.1" 400 74847
[2022-11-07 05:09:45,064][django.server.log_message():154] [INFO] "GET /banner/ HTTP/1.1" 200 5192
[2022-11-07 05:09:45,104][django.server.log_message():154] [INFO] "GET /static/rest_framework/css/bootstrap.min.css HTTP/1.1" 304 0
[2022-11-07 05:09:45,122][django.server.log_message():154] [INFO] "GET /static/rest_framework/css/default.css HTTP/1.1" 304 0
[2022-11-07 05:09:45,123][django.server.log_message():154] [INFO] "GET /static/rest_framework/css/bootstrap-tweaks.css HTTP/1.1" 304 0
[2022-11-07 05:09:45,127][django.server.log_message():154] [INFO] "GET /static/rest_framework/css/prettify.css HTTP/1.1" 304 0
[2022-11-07 05:09:45,130][django.server.log_message():154] [INFO] "GET /static/rest_framework/js/jquery-3.4.1.min.js HTTP/1.1" 304 0
[2022-11-07 05:09:45,133][django.server.log_message():154] [INFO] "GET /static/rest_framework/js/ajax-form.js HTTP/1.1" 304 0
[2022-11-07 05:09:45,134][django.server.log_message():154] [INFO] "GET /static/rest_framework/js/bootstrap.min.js HTTP/1.1" 304 0
[2022-11-07 05:09:45,134][django.server.log_message():154] [INFO] "GET /static/rest_framework/js/csrf.js HTTP/1.1" 304 0
[2022-11-07 05:09:45,141][django.server.log_message():154] [INFO] "GET /static/rest_framework/js/default.js HTTP/1.1" 304 0
[2022-11-07 05:09:45,141][django.server.log_message():154] [INFO] "GET /static/rest_framework/js/prettify-min.js HTTP/1.1" 304 0
[2022-11-07 05:09:45,167][django.server.log_message():154] [INFO] "GET /static/rest_framework/img/grid.png HTTP/1.1" 304 0
[2022-11-07 05:13:13,323][django.utils.autoreload.run_with_reloader():597] [INFO] Watching for file changes with StatReloader
[2022-11-07 05:13:22,845][django.security.DisallowedHost.response_for_exception():75] [ERROR] Invalid HTTP_HOST header: '127.0.0.1:8000'. You may need to add '127.0.0.1' to ALLOWED_HOSTS.
[2022-11-07 05:13:22,898][django.request.log_response():222] [WARNING] Bad Request: /
[2022-11-07 05:13:22,899][django.server.log_message():154] [WARNING] "GET / HTTP/1.1" 400 74920
[2022-11-07 05:13:23,230][django.security.DisallowedHost.response_for_exception():75] [ERROR] Invalid HTTP_HOST header: '127.0.0.1:8000'. You may need to add '127.0.0.1' to ALLOWED_HOSTS.
[2022-11-07 05:13:23,264][django.request.log_response():222] [WARNING] Bad Request: /favicon.ico
[2022-11-07 05:13:23,265][django.server.log_message():154] [WARNING] "GET /favicon.ico HTTP/1.1" 400 74847
[2022-11-07 05:13:33,186][django.request.log_response():222] [WARNING] Not Found: /
[2022-11-07 05:13:33,187][django.server.log_message():154] [WARNING] "GET / HTTP/1.1" 404 2216
[2022-11-07 05:13:38,010][django.server.log_message():154] [INFO] "GET /banner/ HTTP/1.1" 200 5192
[2022-11-07 05:13:56,716][django.utils.autoreload.trigger_reload():217] [INFO] /home/noel/Noel_Workspace/django_backend/p_education/educationapi/educationapi/urls.py changed, reloading.
[2022-11-07 05:13:57,479][django.utils.autoreload.run_with_reloader():597] [INFO] Watching for file changes with StatReloader
[2022-11-07 05:15:38,610][django.utils.autoreload.trigger_reload():217] [INFO] /home/noel/Noel_Workspace/django_backend/p_education/educationapi/educationapi/urls.py changed, reloading.
[2022-11-07 05:15:39,337][django.utils.autoreload.run_with_reloader():597] [INFO] Watching for file changes with StatReloader
[2022-11-07 05:16:03,588][django.utils.autoreload.trigger_reload():217] [INFO] /home/noel/Noel_Workspace/django_backend/p_education/educationapi/educationapi/urls.py changed, reloading.
[2022-11-07 05:16:04,278][django.utils.autoreload.run_with_reloader():597] [INFO] Watching for file changes with StatReloader
[2022-11-07 05:16:13,973][django.utils.autoreload.trigger_reload():217] [INFO] /home/noel/Noel_Workspace/django_backend/p_education/educationapi/educationapi/urls.py changed, reloading.
[2022-11-07 05:16:14,680][django.utils.autoreload.run_with_reloader():597] [INFO] Watching for file changes with StatReloader
[2022-11-07 05:16:55,101][django.utils.autoreload.run_with_reloader():597] [INFO] Watching for file changes with StatReloader
[2022-11-07 05:17:02,598][django.server.log_message():154] [INFO] "GET /xadmin/ HTTP/1.1" 200 4151
[2022-11-07 05:17:02,657][django.server.log_message():154] [INFO] "GET /static/xadmin/vendor/bootstrap/css/bootstrap.css HTTP/1.1" 200 126432
[2022-11-07 05:17:02,677][django.server.log_message():154] [INFO] "GET /static/xadmin/css/xadmin.main.css HTTP/1.1" 200 8376
[2022-11-07 05:17:02,679][django.server.log_message():154] [INFO] "GET /static/xadmin/css/xadmin.plugins.css HTTP/1.1" 200 175
[2022-11-07 05:17:02,679][django.server.log_message():154] [INFO] "GET /static/xadmin/css/xadmin.responsive.css HTTP/1.1" 200 4361
[2022-11-07 05:17:02,680][django.server.log_message():154] [INFO] "GET /static/xadmin/css/themes/bootstrap-xadmin.css HTTP/1.1" 200 1888
[2022-11-07 05:17:02,681][django.server.log_message():154] [INFO] "GET /static/xadmin/vendor/font-awesome/css/font-awesome.css HTTP/1.1" 200 21658
[2022-11-07 05:17:02,682][django.server.log_message():154] [INFO] "GET /static/xadmin/vendor/jquery/jquery.js HTTP/1.1" 200 240196
[2022-11-07 05:17:02,714][django.server.log_message():154] [INFO] "GET /static/xadmin/vendor/jquery-ui/jquery.ui.widget.js HTTP/1.1" 200 15069
[2022-11-07 05:17:02,733][django.server.log_message():154] [INFO] "GET /static/xadmin/vendor/jquery-ui/jquery.ui.core.js HTTP/1.1" 200 8195
[2022-11-07 05:17:02,734][django.server.log_message():154] [INFO] "GET /static/xadmin/vendor/jquery-ui/jquery.ui.mouse.js HTTP/1.1" 200 4561
[2022-11-07 05:17:02,752][django.server.log_message():154] [INFO] "GET /static/xadmin/vendor/jquery-ui/jquery.ui.sortable.js HTTP/1.1" 200 42543
[2022-11-07 05:17:02,772][django.server.log_message():154] [INFO] "GET /xadmin/jsi18n/ HTTP/1.1" 200 4158
[2022-11-07 05:17:02,774][django.server.log_message():154] [INFO] "GET /static/xadmin/vendor/bootstrap/js/bootstrap.js HTTP/1.1" 200 58327
[2022-11-07 05:17:02,776][django.server.log_message():154] [INFO] "GET /static/xadmin/js/xadmin.main.js HTTP/1.1" 200 3401
[2022-11-07 05:17:02,777][django.server.log_message():154] [INFO] "GET /static/xadmin/js/xadmin.responsive.js HTTP/1.1" 200 4165
[2022-11-07 05:17:02,889][django.server.log_message():154] [INFO] "GET /static/xadmin/vendor/font-awesome/fonts/fontawesome-webfont.woff?v=4.0.3 HTTP/1.1" 200 44432
[2022-11-07 05:19:14,798][django.utils.autoreload.run_with_reloader():597] [INFO] Watching for file changes with StatReloader
[2022-11-07 05:19:19,179][django.server.log_message():154] [INFO] "POST /xadmin/ HTTP/1.1" 302 0
[2022-11-07 05:19:19,377][django.server.log_message():154] [INFO] "GET /xadmin/ HTTP/1.1" 200 9819
[2022-11-07 05:19:19,472][django.server.log_message():154] [INFO] "GET /static/xadmin/vendor/bootstrap/css/bootstrap.css HTTP/1.1" 304 0
[2022-11-07 05:19:19,501][django.server.log_message():154] [INFO] "GET /static/xadmin/js/xadmin.page.dashboard.js HTTP/1.1" 200 3208
[2022-11-07 05:19:19,502][django.server.log_message():154] [INFO] "GET /static/xadmin/css/xadmin.page.dashboard.css HTTP/1.1" 200 790
[2022-11-07 05:19:19,504][django.server.log_message():154] [INFO] "GET /static/xadmin/js/xadmin.plugin.portal.js HTTP/1.1" 200 1000
[2022-11-07 05:19:19,516][django.server.log_message():154] [INFO] "GET /static/xadmin/vendor/font-awesome/css/font-awesome.css HTTP/1.1" 304 0
[2022-11-07 05:19:19,517][django.server.log_message():154] [INFO] "GET /static/xadmin/css/themes/bootstrap-xadmin.css HTTP/1.1" 304 0
[2022-11-07 05:19:19,543][django.server.log_message():154] [INFO] "GET /static/xadmin/css/xadmin.main.css HTTP/1.1" 304 0
[2022-11-07 05:19:19,545][django.server.log_message():154] [INFO] "GET /static/xadmin/css/xadmin.plugins.css HTTP/1.1" 304 0
[2022-11-07 05:19:19,545][django.server.log_message():154] [INFO] "GET /static/xadmin/css/xadmin.responsive.css HTTP/1.1" 304 0
[2022-11-07 05:19:19,546][django.server.log_message():154] [INFO] "GET /static/xadmin/vendor/jquery/jquery.js HTTP/1.1" 304 0
[2022-11-07 05:19:19,549][django.server.log_message():154] [INFO] "GET /static/xadmin/vendor/jquery-ui/jquery.ui.core.js HTTP/1.1" 304 0
[2022-11-07 05:19:19,553][django.server.log_message():154] [INFO] "GET /xadmin/jsi18n/ HTTP/1.1" 200 7722
[2022-11-07 05:19:19,570][django.server.log_message():154] [INFO] "GET /static/xadmin/vendor/jquery-ui/jquery.ui.widget.js HTTP/1.1" 304 0
[2022-11-07 05:19:19,596][django.server.log_message():154] [INFO] "GET /static/xadmin/vendor/jquery-ui/jquery.ui.mouse.js HTTP/1.1" 304 0
[2022-11-07 05:19:19,607][django.server.log_message():154] [INFO] "GET /static/xadmin/js/xadmin.main.js HTTP/1.1" 304 0
[2022-11-07 05:19:19,610][django.server.log_message():154] [INFO] "GET /static/xadmin/vendor/jquery-ui/jquery.ui.sortable.js HTTP/1.1" 304 0
[2022-11-07 05:19:19,611][django.server.log_message():154] [INFO] "GET /static/xadmin/js/xadmin.responsive.js HTTP/1.1" 304 0
[2022-11-07 05:19:19,611][django.server.log_message():154] [INFO] "GET /static/xadmin/vendor/bootstrap/js/bootstrap.js HTTP/1.1" 304 0
[2022-11-07 05:19:19,704][django.server.log_message():154] [INFO] "GET /static/xadmin/vendor/font-awesome/fonts/fontawesome-webfont.woff?v=4.0.3 HTTP/1.1" 304 0
[2022-11-07 05:19:28,937][django.server.log_message():154] [INFO] "GET /xadmin/xadmin/log/ HTTP/1.1" 200 25636
[2022-11-07 05:19:28,976][django.server.log_message():154] [INFO] "GET /static/xadmin/css/xadmin.form.css HTTP/1.1" 200 3763
[2022-11-07 05:19:28,981][django.server.log_message():154] [INFO] "GET /static/xadmin/vendor/selectize/selectize.css HTTP/1.1" 200 8425
[2022-11-07 05:19:28,990][django.server.log_message():154] [INFO] "GET /static/xadmin/vendor/select2/select2.css HTTP/1.1" 200 19226
[2022-11-07 05:19:28,991][django.server.log_message():154] [INFO] "GET /static/xadmin/vendor/bootstrap-datepicker/css/datepicker.css HTTP/1.1" 200 10225
[2022-11-07 05:19:29,006][django.server.log_message():154] [INFO] "GET /xadmin/jsi18n/ HTTP/1.1" 200 7722
[2022-11-07 05:19:29,008][django.server.log_message():154] [INFO] "GET /static/xadmin/js/xadmin.plugin.details.js HTTP/1.1" 200 2319
[2022-11-07 05:19:29,016][django.server.log_message():154] [INFO] "GET /static/xadmin/vendor/bootstrap-datepicker/js/bootstrap-datepicker.js HTTP/1.1" 200 32656
[2022-11-07 05:19:29,020][django.server.log_message():154] [INFO] "GET /static/xadmin/vendor/selectize/selectize.bootstrap3.css HTTP/1.1" 200 10602
[2022-11-07 05:19:29,021][django.server.log_message():154] [INFO] "GET /static/xadmin/js/xadmin.plugin.bookmark.js HTTP/1.1" 200 529
[2022-11-07 05:19:29,033][django.server.log_message():154] [INFO] "GET /static/xadmin/js/xadmin.widget.datetime.js HTTP/1.1" 200 2979
[2022-11-07 05:19:29,035][django.server.log_message():154] [INFO] "GET /static/xadmin/js/xadmin.page.list.js HTTP/1.1" 200 1105
[2022-11-07 05:19:29,036][django.server.log_message():154] [INFO] "GET /static/xadmin/js/xadmin.plugin.filters.js HTTP/1.1" 200 1990
[2022-11-07 05:19:29,037][django.server.log_message():154] [INFO] "GET /static/xadmin/vendor/selectize/selectize.js HTTP/1.1" 200 98602
[2022-11-07 05:19:29,057][django.server.log_message():154] [INFO] "GET /static/xadmin/vendor/select2/select2.js HTTP/1.1" 200 104906
[2022-11-07 05:19:29,062][django.server.log_message():154] [INFO] "GET /static/xadmin/js/xadmin.page.form.js HTTP/1.1" 200 1948
[2022-11-07 05:19:29,072][django.server.log_message():154] [WARNING] "GET /static/xadmin/vendor/select2/select2_locale_zh-Hans.js HTTP/1.1" 404 1877
[2022-11-07 05:19:29,088][django.server.log_message():154] [INFO] "GET /static/xadmin/js/xadmin.widget.select.js HTTP/1.1" 200 1344
[2022-11-07 05:19:30,774][django.server.log_message():154] [INFO] "GET /xadmin/ HTTP/1.1" 200 9819
[2022-11-07 05:19:30,821][django.server.log_message():154] [INFO] "GET /xadmin/jsi18n/ HTTP/1.1" 200 7722
[2022-11-07 05:19:34,237][django.server.log_message():154] [INFO] "GET /xadmin/auth/user/ HTTP/1.1" 200 29374
[2022-11-07 05:19:34,275][django.server.log_message():154] [INFO] "GET /static/xadmin/js/xadmin.plugin.actions.js HTTP/1.1" 200 4198
[2022-11-07 05:19:34,304][django.server.log_message():154] [INFO] "GET /xadmin/jsi18n/ HTTP/1.1" 200 7722
[2022-11-07 05:29:12,697][django.server.log_message():154] [INFO] "GET /xadmin/auth/user/ HTTP/1.1" 200 29374
[2022-11-07 05:29:12,736][django.server.log_message():154] [INFO] "GET /static/xadmin/css/themes/bootstrap-xadmin.css HTTP/1.1" 304 0
[2022-11-07 05:29:12,737][django.server.log_message():154] [INFO] "GET /static/xadmin/vendor/bootstrap/css/bootstrap.css HTTP/1.1" 304 0
[2022-11-07 05:29:12,763][django.server.log_message():154] [INFO] "GET /static/xadmin/vendor/font-awesome/css/font-awesome.css HTTP/1.1" 304 0
[2022-11-07 05:29:12,771][django.server.log_message():154] [INFO] "GET /static/xadmin/css/xadmin.main.css HTTP/1.1" 304 0
[2022-11-07 05:29:12,787][django.server.log_message():154] [INFO] "GET /xadmin/jsi18n/ HTTP/1.1" 200 7722
[2022-11-07 05:29:12,789][django.server.log_message():154] [INFO] "GET /static/xadmin/css/xadmin.plugins.css HTTP/1.1" 304 0
[2022-11-07 05:29:12,791][django.server.log_message():154] [INFO] "GET /static/xadmin/css/xadmin.form.css HTTP/1.1" 304 0
[2022-11-07 05:29:12,796][django.server.log_message():154] [INFO] "GET /static/xadmin/vendor/jquery-ui/jquery.ui.core.js HTTP/1.1" 304 0
[2022-11-07 05:29:12,797][django.server.log_message():154] [INFO] "GET /static/xadmin/css/xadmin.responsive.css HTTP/1.1" 304 0
[2022-11-07 05:29:12,798][django.server.log_message():154] [INFO] "GET /static/xadmin/vendor/jquery/jquery.js HTTP/1.1" 304 0
[2022-11-07 05:29:12,802][django.server.log_message():154] [INFO] "GET /static/xadmin/vendor/jquery-ui/jquery.ui.widget.js HTTP/1.1" 304 0
[2022-11-07 05:29:12,803][django.server.log_message():154] [INFO] "GET /static/xadmin/vendor/jquery-ui/jquery.ui.mouse.js HTTP/1.1" 304 0
[2022-11-07 05:29:12,823][django.server.log_message():154] [INFO] "GET /static/xadmin/vendor/jquery-ui/jquery.ui.sortable.js HTTP/1.1" 304 0
[2022-11-07 05:29:12,859][django.server.log_message():154] [INFO] "GET /static/xadmin/js/xadmin.plugin.details.js HTTP/1.1" 304 0
[2022-11-07 05:29:12,861][django.server.log_message():154] [INFO] "GET /static/xadmin/js/xadmin.main.js HTTP/1.1" 304 0
[2022-11-07 05:29:12,862][django.server.log_message():154] [INFO] "GET /static/xadmin/vendor/bootstrap/js/bootstrap.js HTTP/1.1" 304 0
[2022-11-07 05:29:12,863][django.server.log_message():154] [INFO] "GET /static/xadmin/js/xadmin.plugin.bookmark.js HTTP/1.1" 304 0
[2022-11-07 05:29:12,864][django.server.log_message():154] [INFO] "GET /static/xadmin/js/xadmin.responsive.js HTTP/1.1" 304 0
[2022-11-07 05:29:12,874][django.server.log_message():154] [INFO] "GET /static/xadmin/js/xadmin.plugin.filters.js HTTP/1.1" 304 0
[2022-11-07 05:29:12,949][django.server.log_message():154] [INFO] "GET /static/xadmin/js/xadmin.plugin.actions.js HTTP/1.1" 304 0
[2022-11-07 05:29:12,949][django.server.log_message():154] [INFO] "GET /static/xadmin/js/xadmin.page.list.js HTTP/1.1" 304 0
[2022-11-07 05:29:12,951][django.server.log_message():154] [INFO] "GET /static/xadmin/js/xadmin.page.form.js HTTP/1.1" 304 0
[2022-11-07 05:29:14,948][django.server.log_message():154] [INFO] "GET /xadmin/auth/user/ HTTP/1.1" 200 29374
[2022-11-07 05:29:14,992][django.server.log_message():154] [INFO] "GET /xadmin/jsi18n/ HTTP/1.1" 200 7722
[2022-11-07 05:29:15,848][django.server.log_message():154] [INFO] "GET /xadmin/auth/user/ HTTP/1.1" 200 29374
[2022-11-07 05:29:15,888][django.server.log_message():154] [INFO] "GET /xadmin/jsi18n/ HTTP/1.1" 200 7722
[2022-11-07 05:29:23,891][django.utils.autoreload.run_with_reloader():597] [INFO] Watching for file changes with StatReloader
[2022-11-07 05:29:28,360][django.server.log_message():154] [INFO] "GET /xadmin/auth/user/ HTTP/1.1" 200 33915
[2022-11-07 05:29:28,385][django.server.log_message():154] [INFO] "GET /static/xadmin/js/xadmin.plugin.themes.js HTTP/1.1" 200 3489
[2022-11-07 05:29:28,387][django.server.log_message():154] [INFO] "GET /xadmin/jsi18n/ HTTP/1.1" 200 7722
[2022-11-07 05:29:28,389][django.server.log_message():154] [INFO] "GET /static/xadmin/vendor/jquery-ui/jquery.ui.effect.js HTTP/1.1" 200 31918
[2022-11-07 05:30:11,449][django.server.log_message():154] [INFO] "GET /xadmin/home/banner/ HTTP/1.1" 200 24043
[2022-11-07 05:30:11,492][django.server.log_message():154] [INFO] "GET /xadmin/jsi18n/ HTTP/1.1" 200 7722
[2022-11-07 05:30:28,553][django.server.log_message():154] [INFO] "GET /xadmin/home/banner/add/ HTTP/1.1" 200 18098
[2022-11-07 05:30:28,585][django.server.log_message():154] [INFO] "GET /static/xadmin/js/xadmin.plugin.portal.js HTTP/1.1" 304 0
[2022-11-07 05:30:28,600][django.server.log_message():154] [INFO] "GET /xadmin/jsi18n/ HTTP/1.1" 200 7722
[2022-11-07 05:31:09,641][django.utils.autoreload.trigger_reload():217] [INFO] /home/noel/Noel_Workspace/django_backend/p_education/educationapi/educationapi/apps/home/models.py changed, reloading.
[2022-11-07 05:31:10,349][django.utils.autoreload.run_with_reloader():597] [INFO] Watching for file changes with StatReloader
[2022-11-07 05:32:28,718][django.utils.autoreload.trigger_reload():217] [INFO] /home/noel/Noel_Workspace/django_backend/p_education/educationapi/educationapi/settings/dev.py changed, reloading.
[2022-11-07 05:32:29,485][django.utils.autoreload.run_with_reloader():597] [INFO] Watching for file changes with StatReloader
[2022-11-07 05:32:43,405][django.utils.autoreload.trigger_reload():217] [INFO] /home/noel/Noel_Workspace/django_backend/p_education/educationapi/educationapi/settings/dev.py changed, reloading.
[2022-11-07 05:32:44,175][django.utils.autoreload.run_with_reloader():597] [INFO] Watching for file changes with StatReloader
[2022-11-07 05:34:33,695][django.utils.autoreload.trigger_reload():217] [INFO] /home/noel/Noel_Workspace/django_backend/p_education/educationapi/educationapi/apps/home/models.py changed, reloading.
[2022-11-07 05:34:34,393][django.utils.autoreload.run_with_reloader():597] [INFO] Watching for file changes with StatReloader
[2022-11-07 05:36:06,172][django.server.log_message():154] [INFO] "GET /xadmin/home/banner/add/ HTTP/1.1" 200 19800
[2022-11-07 05:36:06,206][django.server.log_message():154] [INFO] "GET /static/xadmin/vendor/bootstrap/css/bootstrap.css HTTP/1.1" 304 0
[2022-11-07 05:36:06,210][django.server.log_message():154] [INFO] "GET /static/xadmin/css/themes/bootstrap-xadmin.css HTTP/1.1" 304 0
[2022-11-07 05:36:06,237][django.server.log_message():154] [INFO] "GET /static/xadmin/css/xadmin.plugins.css HTTP/1.1" 304 0
[2022-11-07 05:36:06,239][django.server.log_message():154] [INFO] "GET /static/xadmin/css/xadmin.main.css HTTP/1.1" 304 0
[2022-11-07 05:36:06,239][django.server.log_message():154] [INFO] "GET /static/xadmin/vendor/font-awesome/css/font-awesome.css HTTP/1.1" 304 0
[2022-11-07 05:36:06,253][django.server.log_message():154] [INFO] "GET /static/xadmin/vendor/bootstrap-image-gallery/css/bootstrap-image-gallery.css HTTP/1.1" 200 3339
[2022-11-07 05:36:06,258][django.server.log_message():154] [INFO] "GET /static/xadmin/css/xadmin.responsive.css HTTP/1.1" 304 0
[2022-11-07 05:36:06,261][django.server.log_message():154] [INFO] "GET /xadmin/jsi18n/ HTTP/1.1" 200 7722
[2022-11-07 05:36:06,263][django.server.log_message():154] [INFO] "GET /static/xadmin/css/xadmin.form.css HTTP/1.1" 304 0
[2022-11-07 05:36:06,264][django.server.log_message():154] [INFO] "GET /static/xadmin/vendor/load-image/load-image.js HTTP/1.1" 200 8309
[2022-11-07 05:36:06,265][django.server.log_message():154] [INFO] "GET /static/xadmin/vendor/bootstrap-image-gallery/js/bootstrap-image-gallery.js HTTP/1.1" 200 15611
[2022-11-07 05:36:06,269][django.server.log_message():154] [INFO] "GET /static/xadmin/vendor/jquery/jquery.js HTTP/1.1" 304 0
[2022-11-07 05:36:06,282][django.server.log_message():154] [INFO] "GET /static/xadmin/vendor/jquery-ui/jquery.ui.core.js HTTP/1.1" 304 0
[2022-11-07 05:36:06,307][django.server.log_message():154] [INFO] "GET /static/xadmin/vendor/jquery-ui/jquery.ui.widget.js HTTP/1.1" 304 0
[2022-11-07 05:36:06,309][django.server.log_message():154] [INFO] "GET /static/xadmin/vendor/jquery-ui/jquery.ui.mouse.js HTTP/1.1" 304 0
[2022-11-07 05:36:06,332][django.server.log_message():154] [INFO] "GET /static/xadmin/vendor/jquery-ui/jquery.ui.sortable.js HTTP/1.1" 304 0
[2022-11-07 05:36:06,333][django.server.log_message():154] [INFO] "GET /static/xadmin/vendor/bootstrap/js/bootstrap.js HTTP/1.1" 304 0
[2022-11-07 05:36:06,334][django.server.log_message():154] [INFO] "GET /static/xadmin/js/xadmin.main.js HTTP/1.1" 304 0
[2022-11-07 05:36:06,335][django.server.log_message():154] [INFO] "GET /static/xadmin/js/xadmin.responsive.js HTTP/1.1" 304 0
[2022-11-07 05:36:06,358][django.server.log_message():154] [INFO] "GET /static/xadmin/js/xadmin.plugin.portal.js HTTP/1.1" 304 0
[2022-11-07 05:36:06,358][django.server.log_message():154] [INFO] "GET /static/xadmin/vendor/jquery-ui/jquery.ui.effect.js HTTP/1.1" 304 0
[2022-11-07 05:36:06,419][django.server.log_message():154] [INFO] "GET /static/xadmin/js/xadmin.page.form.js HTTP/1.1" 304 0
[2022-11-07 05:36:06,420][django.server.log_message():154] [INFO] "GET /static/xadmin/js/xadmin.plugin.themes.js HTTP/1.1" 304 0
[2022-11-07 05:37:53,940][django.server.log_message():154] [INFO] "POST /xadmin/home/banner/add/ HTTP/1.1" 302 0
[2022-11-07 05:37:54,662][django.server.log_message():154] [INFO] "POST /xadmin/home/banner/add/ HTTP/1.1" 302 0
[2022-11-07 05:37:54,736][django.server.log_message():154] [INFO] "GET /xadmin/home/banner/add/ HTTP/1.1" 200 20443
[2022-11-07 05:37:54,832][django.server.log_message():154] [INFO] "GET /xadmin/jsi18n/ HTTP/1.1" 200 7722
[2022-11-07 05:38:40,780][django.server.log_message():154] [INFO] "POST /xadmin/home/banner/add/ HTTP/1.1" 302 0
[2022-11-07 05:38:41,034][django.server.log_message():154] [INFO] "GET /xadmin/home/banner/ HTTP/1.1" 200 29252
[2022-11-07 05:38:41,127][django.server.log_message():154] [INFO] "GET /static/xadmin/js/xadmin.plugin.actions.js HTTP/1.1" 304 0
[2022-11-07 05:38:41,139][django.server.log_message():154] [INFO] "GET /static/xadmin/js/xadmin.plugin.filters.js HTTP/1.1" 304 0
[2022-11-07 05:38:41,140][django.server.log_message():154] [INFO] "GET /static/xadmin/js/xadmin.page.list.js HTTP/1.1" 304 0
[2022-11-07 05:38:41,143][django.server.log_message():154] [INFO] "GET /xadmin/jsi18n/ HTTP/1.1" 200 7722
[2022-11-07 05:38:41,143][django.server.log_message():154] [INFO] "GET /static/xadmin/js/xadmin.plugin.details.js HTTP/1.1" 304 0
[2022-11-07 05:38:41,144][django.server.log_message():154] [INFO] "GET /static/xadmin/js/xadmin.plugin.bookmark.js HTTP/1.1" 304 0
[2022-11-07 05:40:10,415][django.utils.autoreload.trigger_reload():217] [INFO] /home/noel/Noel_Workspace/django_backend/p_education/educationapi/educationapi/apps/home/models.py changed, reloading.
[2022-11-07 05:40:11,199][django.utils.autoreload.run_with_reloader():597] [INFO] Watching for file changes with StatReloader
[2022-11-07 05:40:55,859][django.server.log_message():154] [INFO] "GET /banner/ HTTP/1.1" 200 6352
[2022-11-07 05:44:13,005][django.utils.autoreload.trigger_reload():217] [INFO] /home/noel/Noel_Workspace/django_backend/p_education/educationapi/educationapi/apps/home/__init__.py changed, reloading.
[2022-11-07 05:44:13,981][django.utils.autoreload.run_with_reloader():597] [INFO] Watching for file changes with StatReloader
[2022-11-07 05:44:21,183][django.utils.autoreload.trigger_reload():217] [INFO] /home/noel/Noel_Workspace/django_backend/p_education/educationapi/educationapi/apps/home/__init__.py changed, reloading.
[2022-11-07 05:44:21,791][django.utils.autoreload.run_with_reloader():597] [INFO] Watching for file changes with StatReloader
[2022-11-07 05:44:35,656][django.utils.autoreload.trigger_reload():217] [INFO] /home/noel/Noel_Workspace/django_backend/p_education/educationapi/educationapi/apps/home/__init__.py changed, reloading.
[2022-11-07 05:44:36,933][django.utils.autoreload.run_with_reloader():597] [INFO] Watching for file changes with StatReloader
[2022-11-07 05:44:39,534][django.server.log_message():154] [INFO] "GET /xadmin/home/banner/ HTTP/1.1" 200 28954
[2022-11-07 05:44:39,579][django.server.log_message():154] [INFO] "GET /static/xadmin/vendor/bootstrap/css/bootstrap.css HTTP/1.1" 304 0
[2022-11-07 05:44:39,580][django.server.log_message():154] [INFO] "GET /static/xadmin/css/xadmin.main.css HTTP/1.1" 304 0
[2022-11-07 05:44:39,584][django.server.log_message():154] [INFO] "GET /xadmin/jsi18n/ HTTP/1.1" 200 7722
[2022-11-07 05:44:39,585][django.server.log_message():154] [INFO] "GET /static/xadmin/vendor/font-awesome/css/font-awesome.css HTTP/1.1" 304 0
[2022-11-07 05:44:39,585][django.server.log_message():154] [INFO] "GET /static/xadmin/css/themes/bootstrap-xadmin.css HTTP/1.1" 304 0
[2022-11-07 05:44:39,591][django.server.log_message():154] [INFO] "GET /static/xadmin/css/xadmin.plugins.css HTTP/1.1" 304 0
[2022-11-07 05:44:39,601][django.server.log_message():154] [INFO] "GET /static/xadmin/css/xadmin.responsive.css HTTP/1.1" 304 0
[2022-11-07 05:44:39,601][django.server.log_message():154] [INFO] "GET /static/xadmin/css/xadmin.form.css HTTP/1.1" 304 0
[2022-11-07 05:44:39,602][django.server.log_message():154] [INFO] "GET /static/xadmin/vendor/jquery-ui/jquery.ui.core.js HTTP/1.1" 304 0
[2022-11-07 05:44:39,603][django.server.log_message():154] [INFO] "GET /static/xadmin/vendor/jquery-ui/jquery.ui.widget.js HTTP/1.1" 304 0
[2022-11-07 05:44:39,603][django.server.log_message():154] [INFO] "GET /static/xadmin/vendor/jquery/jquery.js HTTP/1.1" 304 0
[2022-11-07 05:44:39,634][django.server.log_message():154] [INFO] "GET /static/xadmin/vendor/jquery-ui/jquery.ui.mouse.js HTTP/1.1" 304 0
[2022-11-07 05:44:39,661][django.server.log_message():154] [INFO] "GET /static/xadmin/vendor/jquery-ui/jquery.ui.sortable.js HTTP/1.1" 304 0
[2022-11-07 05:44:39,661][django.server.log_message():154] [INFO] "GET /static/xadmin/js/xadmin.main.js HTTP/1.1" 304 0
[2022-11-07 05:44:39,662][django.server.log_message():154] [INFO] "GET /static/xadmin/js/xadmin.responsive.js HTTP/1.1" 304 0
[2022-11-07 05:44:39,664][django.server.log_message():154] [INFO] "GET /static/xadmin/vendor/bootstrap/js/bootstrap.js HTTP/1.1" 304 0
[2022-11-07 05:44:39,665][django.server.log_message():154] [INFO] "GET /static/xadmin/vendor/jquery-ui/jquery.ui.effect.js HTTP/1.1" 304 0
[2022-11-07 05:44:39,680][django.server.log_message():154] [INFO] "GET /static/xadmin/js/xadmin.plugin.details.js HTTP/1.1" 304 0
[2022-11-07 05:44:39,726][django.server.log_message():154] [INFO] "GET /static/xadmin/js/xadmin.plugin.bookmark.js HTTP/1.1" 304 0
[2022-11-07 05:44:39,729][django.server.log_message():154] [INFO] "GET /static/xadmin/vendor/font-awesome/fonts/fontawesome-webfont.woff?v=4.0.3 HTTP/1.1" 304 0
[2022-11-07 05:44:39,729][django.server.log_message():154] [INFO] "GET /static/xadmin/js/xadmin.plugin.actions.js HTTP/1.1" 304 0
[2022-11-07 05:44:39,731][django.server.log_message():154] [INFO] "GET /static/xadmin/js/xadmin.plugin.filters.js HTTP/1.1" 304 0
[2022-11-07 05:44:39,734][django.server.log_message():154] [INFO] "GET /static/xadmin/js/xadmin.page.list.js HTTP/1.1" 304 0
[2022-11-07 05:44:39,734][django.server.log_message():154] [INFO] "GET /static/xadmin/js/xadmin.plugin.themes.js HTTP/1.1" 304 0
[2022-11-07 05:46:05,077][django.utils.autoreload.run_with_reloader():597] [INFO] Watching for file changes with StatReloader
[2022-11-07 05:46:10,297][django.server.log_message():154] [INFO] "GET /xadmin/home/banner/ HTTP/1.1" 200 28954
[2022-11-07 05:46:10,349][django.server.log_message():154] [INFO] "GET /xadmin/jsi18n/ HTTP/1.1" 200 7722
[2022-11-07 05:46:10,350][django.server.log_message():154] [INFO] "GET /static/xadmin/js/xadmin.plugin.themes.js HTTP/1.1" 200 3489
[2022-11-07 05:46:10,351][django.server.log_message():154] [INFO] "GET /static/xadmin/js/xadmin.plugin.filters.js HTTP/1.1" 200 1990
[2022-11-07 05:46:10,351][django.server.log_message():154] [INFO] "GET /static/xadmin/js/xadmin.page.list.js HTTP/1.1" 200 1105
[2022-11-07 05:46:10,352][django.server.log_message():154] [INFO] "GET /static/xadmin/js/xadmin.plugin.actions.js HTTP/1.1" 200 4198
[2022-11-07 05:46:10,352][django.server.log_message():154] [INFO] "GET /static/xadmin/js/xadmin.plugin.bookmark.js HTTP/1.1" 200 529
[2022-11-07 05:46:10,362][django.server.log_message():154] [INFO] "GET /static/xadmin/js/xadmin.page.form.js HTTP/1.1" 200 1948
[2022-11-07 05:46:10,446][django.server.log_message():154] [INFO] "GET /static/xadmin/vendor/font-awesome/fonts/fontawesome-webfont.woff?v=4.0.3 HTTP/1.1" 200 44432
[2022-11-07 05:46:14,588][django.server.log_message():154] [INFO] "GET /banner/ HTTP/1.1" 200 6352
